2019-09-26 07:54:19,884 test
2019-09-26 08:15:43,478 test
2019-09-26 12:52:03,959 initiailizing context
2019-09-26 12:52:03,962 initializing endpoints
2019-09-26 13:02:09,898 initiailizing context
2019-09-26 13:02:09,902 initializing endpoints
2019-09-26 13:03:10,339 initiailizing context
2019-09-26 13:03:10,342 initializing endpoints
2019-09-26 13:03:35,029 Starting new HTTPS connection (1): us-central1-incomm-hackathon-api.cloudfunctions.net:443
2019-09-26 13:03:35,225 https://us-central1-incomm-hackathon-api.cloudfunctions.net:443 "GET /api/cRXWSTSjI6WT2EYQeshT/transactions HTTP/1.1" 400 1555
2019-09-26 13:03:37,583 EUC-JP Japanese prober hit error at byte 1441
2019-09-26 13:03:37,593 EUC-KR Korean prober hit error at byte 1441
2019-09-26 13:03:37,595 CP949 Korean prober hit error at byte 1441
2019-09-26 13:03:37,598 Big5 Chinese prober hit error at byte 1442
2019-09-26 13:03:37,601 EUC-TW Taiwan prober hit error at byte 1441
2019-09-26 13:03:37,608 utf-8  confidence = 0.7525
2019-09-26 13:03:37,608 SHIFT_JIS Japanese confidence = 0.01
2019-09-26 13:03:37,608 EUC-JP not active
2019-09-26 13:03:37,608 GB2312 Chinese confidence = 0.01
2019-09-26 13:03:37,608 EUC-KR not active
2019-09-26 13:03:37,608 CP949 not active
2019-09-26 13:03:37,609 Big5 not active
2019-09-26 13:03:37,609 EUC-TW not active
2019-09-26 13:03:37,609 windows-1251 Russian confidence = 0.01
2019-09-26 13:03:37,609 KOI8-R Russian confidence = 0.01
2019-09-26 13:03:37,609 ISO-8859-5 Russian confidence = 0.01
2019-09-26 13:03:37,609 MacCyrillic Russian confidence = 0.0
2019-09-26 13:03:37,609 IBM866 Russian confidence = 0.0
2019-09-26 13:03:37,609 IBM855 Russian confidence = 0.01
2019-09-26 13:03:37,609 ISO-8859-7 Greek confidence = 0.0
2019-09-26 13:03:37,609 windows-1253 Greek confidence = 0.0
2019-09-26 13:03:37,609 ISO-8859-5 Bulgairan confidence = 0.01
2019-09-26 13:03:37,609 windows-1251 Bulgarian confidence = 0.01
2019-09-26 13:03:37,610 TIS-620 Thai confidence = 0.01
2019-09-26 13:03:37,610 ISO-8859-9 Turkish confidence = 0.45920270395613905
2019-09-26 13:03:37,610 windows-1255 Hebrew confidence = 0.0
2019-09-26 13:03:37,610 windows-1255 Hebrew confidence = 0.0
2019-09-26 13:03:37,610 windows-1255 Hebrew confidence = 0.0
2019-09-26 13:03:37,610 utf-8  confidence = 0.7525
2019-09-26 13:03:37,610 SHIFT_JIS Japanese confidence = 0.01
2019-09-26 13:03:37,610 EUC-JP not active
2019-09-26 13:03:37,610 GB2312 Chinese confidence = 0.01
2019-09-26 13:03:37,611 EUC-KR not active
2019-09-26 13:03:37,611 CP949 not active
2019-09-26 13:03:37,611 Big5 not active
2019-09-26 13:03:37,611 EUC-TW not active
2019-09-26 13:03:45,687 EUC-JP Japanese prober hit error at byte 1441
2019-09-26 13:03:45,694 EUC-KR Korean prober hit error at byte 1441
2019-09-26 13:03:45,697 CP949 Korean prober hit error at byte 1441
2019-09-26 13:03:45,699 Big5 Chinese prober hit error at byte 1442
2019-09-26 13:03:45,703 EUC-TW Taiwan prober hit error at byte 1441
2019-09-26 13:03:45,710 utf-8  confidence = 0.7525
2019-09-26 13:03:45,710 SHIFT_JIS Japanese confidence = 0.01
2019-09-26 13:03:45,710 EUC-JP not active
2019-09-26 13:03:45,710 GB2312 Chinese confidence = 0.01
2019-09-26 13:03:45,710 EUC-KR not active
2019-09-26 13:03:45,710 CP949 not active
2019-09-26 13:03:45,710 Big5 not active
2019-09-26 13:03:45,710 EUC-TW not active
2019-09-26 13:03:45,710 windows-1251 Russian confidence = 0.01
2019-09-26 13:03:45,710 KOI8-R Russian confidence = 0.01
2019-09-26 13:03:45,710 ISO-8859-5 Russian confidence = 0.01
2019-09-26 13:03:45,710 MacCyrillic Russian confidence = 0.0
2019-09-26 13:03:45,710 IBM866 Russian confidence = 0.0
2019-09-26 13:03:45,710 IBM855 Russian confidence = 0.01
2019-09-26 13:03:45,710 ISO-8859-7 Greek confidence = 0.0
2019-09-26 13:03:45,710 windows-1253 Greek confidence = 0.0
2019-09-26 13:03:45,711 ISO-8859-5 Bulgairan confidence = 0.01
2019-09-26 13:03:45,711 windows-1251 Bulgarian confidence = 0.01
2019-09-26 13:03:45,711 TIS-620 Thai confidence = 0.01
2019-09-26 13:03:45,711 ISO-8859-9 Turkish confidence = 0.45920270395613905
2019-09-26 13:03:45,711 windows-1255 Hebrew confidence = 0.0
2019-09-26 13:03:45,711 windows-1255 Hebrew confidence = 0.0
2019-09-26 13:03:45,711 windows-1255 Hebrew confidence = 0.0
2019-09-26 13:03:45,711 utf-8  confidence = 0.7525
2019-09-26 13:03:45,711 SHIFT_JIS Japanese confidence = 0.01
2019-09-26 13:03:45,711 EUC-JP not active
2019-09-26 13:03:45,711 GB2312 Chinese confidence = 0.01
2019-09-26 13:03:45,711 EUC-KR not active
2019-09-26 13:03:45,711 CP949 not active
2019-09-26 13:03:45,711 Big5 not active
2019-09-26 13:03:45,711 EUC-TW not active
2019-09-26 13:03:58,620 initiailizing context
2019-09-26 13:03:58,624 initializing endpoints
2019-09-26 13:03:58,827 Starting new HTTPS connection (1): us-central1-incomm-hackathon-api.cloudfunctions.net:443
2019-09-26 13:03:58,903 https://us-central1-incomm-hackathon-api.cloudfunctions.net:443 "GET /api/cRXWSTSjI6WT2EYQeshT/transactions HTTP/1.1" 400 1555
2019-09-26 13:04:18,283 initiailizing context
2019-09-26 13:04:18,286 initializing endpoints
2019-09-26 13:04:21,744 Starting new HTTPS connection (1): us-central1-incomm-hackathon-api.cloudfunctions.net:443
2019-09-26 13:04:21,839 https://us-central1-incomm-hackathon-api.cloudfunctions.net:443 "GET /api/cRXWSTSjI6WT2EYQeshT/transactions HTTP/1.1" 400 1555
2019-09-26 13:04:24,157 EUC-JP Japanese prober hit error at byte 1441
2019-09-26 13:04:24,165 EUC-KR Korean prober hit error at byte 1441
2019-09-26 13:04:24,168 CP949 Korean prober hit error at byte 1441
2019-09-26 13:04:24,171 Big5 Chinese prober hit error at byte 1442
2019-09-26 13:04:24,176 EUC-TW Taiwan prober hit error at byte 1441
2019-09-26 13:04:24,183 utf-8  confidence = 0.7525
2019-09-26 13:04:24,184 SHIFT_JIS Japanese confidence = 0.01
2019-09-26 13:04:24,184 EUC-JP not active
2019-09-26 13:04:24,184 GB2312 Chinese confidence = 0.01
2019-09-26 13:04:24,184 EUC-KR not active
2019-09-26 13:04:24,184 CP949 not active
2019-09-26 13:04:24,184 Big5 not active
2019-09-26 13:04:24,184 EUC-TW not active
2019-09-26 13:04:24,184 windows-1251 Russian confidence = 0.01
2019-09-26 13:04:24,184 KOI8-R Russian confidence = 0.01
2019-09-26 13:04:24,184 ISO-8859-5 Russian confidence = 0.01
2019-09-26 13:04:24,184 MacCyrillic Russian confidence = 0.0
2019-09-26 13:04:24,185 IBM866 Russian confidence = 0.0
2019-09-26 13:04:24,185 IBM855 Russian confidence = 0.01
2019-09-26 13:04:24,185 ISO-8859-7 Greek confidence = 0.0
2019-09-26 13:04:24,185 windows-1253 Greek confidence = 0.0
2019-09-26 13:04:24,185 ISO-8859-5 Bulgairan confidence = 0.01
2019-09-26 13:04:24,185 windows-1251 Bulgarian confidence = 0.01
2019-09-26 13:04:24,185 TIS-620 Thai confidence = 0.01
2019-09-26 13:04:24,185 ISO-8859-9 Turkish confidence = 0.45920270395613905
2019-09-26 13:04:24,185 windows-1255 Hebrew confidence = 0.0
2019-09-26 13:04:24,185 windows-1255 Hebrew confidence = 0.0
2019-09-26 13:04:24,185 windows-1255 Hebrew confidence = 0.0
2019-09-26 13:04:24,185 utf-8  confidence = 0.7525
2019-09-26 13:04:24,185 SHIFT_JIS Japanese confidence = 0.01
2019-09-26 13:04:24,185 EUC-JP not active
2019-09-26 13:04:24,185 GB2312 Chinese confidence = 0.01
2019-09-26 13:04:24,185 EUC-KR not active
2019-09-26 13:04:24,185 CP949 not active
2019-09-26 13:04:24,186 Big5 not active
2019-09-26 13:04:24,186 EUC-TW not active
2019-09-26 13:04:32,607 EUC-JP Japanese prober hit error at byte 1441
2019-09-26 13:04:32,613 EUC-KR Korean prober hit error at byte 1441
2019-09-26 13:04:32,618 CP949 Korean prober hit error at byte 1441
2019-09-26 13:04:32,625 Big5 Chinese prober hit error at byte 1442
2019-09-26 13:04:32,627 EUC-TW Taiwan prober hit error at byte 1441
2019-09-26 13:04:32,632 utf-8  confidence = 0.7525
2019-09-26 13:04:32,632 SHIFT_JIS Japanese confidence = 0.01
2019-09-26 13:04:32,632 EUC-JP not active
2019-09-26 13:04:32,632 GB2312 Chinese confidence = 0.01
2019-09-26 13:04:32,632 EUC-KR not active
2019-09-26 13:04:32,632 CP949 not active
2019-09-26 13:04:32,632 Big5 not active
2019-09-26 13:04:32,632 EUC-TW not active
2019-09-26 13:04:32,632 windows-1251 Russian confidence = 0.01
2019-09-26 13:04:32,632 KOI8-R Russian confidence = 0.01
2019-09-26 13:04:32,632 ISO-8859-5 Russian confidence = 0.01
2019-09-26 13:04:32,632 MacCyrillic Russian confidence = 0.0
2019-09-26 13:04:32,632 IBM866 Russian confidence = 0.0
2019-09-26 13:04:32,633 IBM855 Russian confidence = 0.01
2019-09-26 13:04:32,633 ISO-8859-7 Greek confidence = 0.0
2019-09-26 13:04:32,633 windows-1253 Greek confidence = 0.0
2019-09-26 13:04:32,633 ISO-8859-5 Bulgairan confidence = 0.01
2019-09-26 13:04:32,633 windows-1251 Bulgarian confidence = 0.01
2019-09-26 13:04:32,633 TIS-620 Thai confidence = 0.01
2019-09-26 13:04:32,633 ISO-8859-9 Turkish confidence = 0.45920270395613905
2019-09-26 13:04:32,633 windows-1255 Hebrew confidence = 0.0
2019-09-26 13:04:32,633 windows-1255 Hebrew confidence = 0.0
2019-09-26 13:04:32,633 windows-1255 Hebrew confidence = 0.0
2019-09-26 13:04:32,633 utf-8  confidence = 0.7525
2019-09-26 13:04:32,633 SHIFT_JIS Japanese confidence = 0.01
2019-09-26 13:04:32,633 EUC-JP not active
2019-09-26 13:04:32,633 GB2312 Chinese confidence = 0.01
2019-09-26 13:04:32,633 EUC-KR not active
2019-09-26 13:04:32,633 CP949 not active
2019-09-26 13:04:32,634 Big5 not active
2019-09-26 13:04:32,634 EUC-TW not active
2019-09-26 13:05:01,127 initiailizing context
2019-09-26 13:05:01,130 initializing endpoints
2019-09-26 13:05:12,826 initiailizing context
2019-09-26 13:05:12,829 initializing endpoints
2019-09-26 13:05:17,501 Starting new HTTPS connection (1): us-central1-incomm-hackathon-api.cloudfunctions.net:443
2019-09-26 13:05:17,593 https://us-central1-incomm-hackathon-api.cloudfunctions.net:443 "GET /api/cRXWSTSjI6WT2EYQeshT/transactions HTTP/1.1" 400 1555
2019-09-26 13:05:49,788 initiailizing context
2019-09-26 13:05:49,791 initializing endpoints
2019-09-26 13:05:54,837 Starting new HTTPS connection (1): us-central1-incomm-hackathon-api.cloudfunctions.net:443
2019-09-26 13:05:54,935 https://us-central1-incomm-hackathon-api.cloudfunctions.net:443 "GET /api/cRXWSTSjI6WT2EYQeshT/transactions HTTP/1.1" 400 1555
2019-09-26 13:06:17,065 initiailizing context
2019-09-26 13:06:17,070 initializing endpoints
2019-09-26 13:06:41,322 initiailizing context
2019-09-26 13:06:41,327 initializing endpoints
2019-09-26 13:06:44,508 Starting new HTTPS connection (1): us-central1-incomm-hackathon-api.cloudfunctions.net:443
2019-09-26 13:06:44,600 https://us-central1-incomm-hackathon-api.cloudfunctions.net:443 "GET /apiaccounts/cRXWSTSjI6WT2EYQeshT/transactions HTTP/1.1" 400 1555
2019-09-26 13:07:02,939 initiailizing context
2019-09-26 13:07:02,943 initializing endpoints
2019-09-26 13:07:03,177 Starting new HTTPS connection (1): us-central1-incomm-hackathon-api.cloudfunctions.net:443
2019-09-26 13:07:03,263 https://us-central1-incomm-hackathon-api.cloudfunctions.net:443 "GET /apiaccounts/cRXWSTSjI6WT2EYQeshT/transactions HTTP/1.1" 400 1555
2019-09-26 13:07:41,878 initiailizing context
2019-09-26 13:07:41,881 initializing endpoints
2019-09-26 13:07:42,077 Starting new HTTPS connection (1): us-central1-incomm-hackathon-api.cloudfunctions.net:443
2019-09-26 13:07:42,153 https://us-central1-incomm-hackathon-api.cloudfunctions.net:443 "GET /apiaccounts/cRXWSTSjI6WT2EYQeshT/transactions HTTP/1.1" 400 1555
2019-09-26 13:07:45,058 EUC-JP Japanese prober hit error at byte 1441
2019-09-26 13:07:45,062 EUC-KR Korean prober hit error at byte 1441
2019-09-26 13:07:45,064 CP949 Korean prober hit error at byte 1441
2019-09-26 13:07:45,067 Big5 Chinese prober hit error at byte 1442
2019-09-26 13:07:45,072 EUC-TW Taiwan prober hit error at byte 1441
2019-09-26 13:07:45,081 utf-8  confidence = 0.7525
2019-09-26 13:07:45,082 SHIFT_JIS Japanese confidence = 0.01
2019-09-26 13:07:45,082 EUC-JP not active
2019-09-26 13:07:45,082 GB2312 Chinese confidence = 0.01
2019-09-26 13:07:45,082 EUC-KR not active
2019-09-26 13:07:45,082 CP949 not active
2019-09-26 13:07:45,082 Big5 not active
2019-09-26 13:07:45,082 EUC-TW not active
2019-09-26 13:07:45,082 windows-1251 Russian confidence = 0.01
2019-09-26 13:07:45,082 KOI8-R Russian confidence = 0.01
2019-09-26 13:07:45,082 ISO-8859-5 Russian confidence = 0.01
2019-09-26 13:07:45,082 MacCyrillic Russian confidence = 0.0
2019-09-26 13:07:45,083 IBM866 Russian confidence = 0.0
2019-09-26 13:07:45,083 IBM855 Russian confidence = 0.01
2019-09-26 13:07:45,083 ISO-8859-7 Greek confidence = 0.0
2019-09-26 13:07:45,083 windows-1253 Greek confidence = 0.0
2019-09-26 13:07:45,083 ISO-8859-5 Bulgairan confidence = 0.01
2019-09-26 13:07:45,083 windows-1251 Bulgarian confidence = 0.01
2019-09-26 13:07:45,083 TIS-620 Thai confidence = 0.01
2019-09-26 13:07:45,083 ISO-8859-9 Turkish confidence = 0.45920270395613905
2019-09-26 13:07:45,083 windows-1255 Hebrew confidence = 0.0
2019-09-26 13:07:45,083 windows-1255 Hebrew confidence = 0.0
2019-09-26 13:07:45,083 windows-1255 Hebrew confidence = 0.0
2019-09-26 13:07:45,084 utf-8  confidence = 0.7525
2019-09-26 13:07:45,084 SHIFT_JIS Japanese confidence = 0.01
2019-09-26 13:07:45,084 EUC-JP not active
2019-09-26 13:07:45,084 GB2312 Chinese confidence = 0.01
2019-09-26 13:07:45,084 EUC-KR not active
2019-09-26 13:07:45,084 CP949 not active
2019-09-26 13:07:45,084 Big5 not active
2019-09-26 13:07:45,084 EUC-TW not active
2019-09-26 13:08:04,927 initiailizing context
2019-09-26 13:08:04,932 initializing endpoints
2019-09-26 13:08:05,139 Starting new HTTPS connection (1): us-central1-incomm-hackathon-api.cloudfunctions.net:443
2019-09-26 13:08:05,216 https://us-central1-incomm-hackathon-api.cloudfunctions.net:443 "GET /api/accounts/cRXWSTSjI6WT2EYQeshT/transactions HTTP/1.1" 400 1555
2019-09-26 13:08:09,598 EUC-JP Japanese prober hit error at byte 1441
2019-09-26 13:08:09,605 EUC-KR Korean prober hit error at byte 1441
2019-09-26 13:08:09,607 CP949 Korean prober hit error at byte 1441
2019-09-26 13:08:09,609 Big5 Chinese prober hit error at byte 1442
2019-09-26 13:08:09,614 EUC-TW Taiwan prober hit error at byte 1441
2019-09-26 13:08:09,621 utf-8  confidence = 0.7525
2019-09-26 13:08:09,621 SHIFT_JIS Japanese confidence = 0.01
2019-09-26 13:08:09,621 EUC-JP not active
2019-09-26 13:08:09,621 GB2312 Chinese confidence = 0.01
2019-09-26 13:08:09,621 EUC-KR not active
2019-09-26 13:08:09,621 CP949 not active
2019-09-26 13:08:09,621 Big5 not active
2019-09-26 13:08:09,621 EUC-TW not active
2019-09-26 13:08:09,621 windows-1251 Russian confidence = 0.01
2019-09-26 13:08:09,621 KOI8-R Russian confidence = 0.01
2019-09-26 13:08:09,621 ISO-8859-5 Russian confidence = 0.01
2019-09-26 13:08:09,622 MacCyrillic Russian confidence = 0.0
2019-09-26 13:08:09,622 IBM866 Russian confidence = 0.0
2019-09-26 13:08:09,622 IBM855 Russian confidence = 0.01
2019-09-26 13:08:09,622 ISO-8859-7 Greek confidence = 0.0
2019-09-26 13:08:09,622 windows-1253 Greek confidence = 0.0
2019-09-26 13:08:09,622 ISO-8859-5 Bulgairan confidence = 0.01
2019-09-26 13:08:09,622 windows-1251 Bulgarian confidence = 0.01
2019-09-26 13:08:09,622 TIS-620 Thai confidence = 0.01
2019-09-26 13:08:09,622 ISO-8859-9 Turkish confidence = 0.45920270395613905
2019-09-26 13:08:09,622 windows-1255 Hebrew confidence = 0.0
2019-09-26 13:08:09,622 windows-1255 Hebrew confidence = 0.0
2019-09-26 13:08:09,622 windows-1255 Hebrew confidence = 0.0
2019-09-26 13:08:09,622 utf-8  confidence = 0.7525
2019-09-26 13:08:09,622 SHIFT_JIS Japanese confidence = 0.01
2019-09-26 13:08:09,623 EUC-JP not active
2019-09-26 13:08:09,623 GB2312 Chinese confidence = 0.01
2019-09-26 13:08:09,623 EUC-KR not active
2019-09-26 13:08:09,623 CP949 not active
2019-09-26 13:08:09,623 Big5 not active
2019-09-26 13:08:09,623 EUC-TW not active
2019-09-26 13:08:52,675 initiailizing context
2019-09-26 13:08:52,679 initializing endpoints
2019-09-26 13:08:52,905 Starting new HTTPS connection (1): us-central1-incomm-hackathon-api.cloudfunctions.net:443
2019-09-26 13:08:52,992 https://us-central1-incomm-hackathon-api.cloudfunctions.net:443 "GET /api/accounts/cRXWSTSjI6WT2EYQeshT/transactions HTTP/1.1" 400 1555
2019-09-26 13:08:55,591 EUC-JP Japanese prober hit error at byte 1441
2019-09-26 13:08:55,599 EUC-KR Korean prober hit error at byte 1441
2019-09-26 13:08:55,604 CP949 Korean prober hit error at byte 1441
2019-09-26 13:08:55,610 Big5 Chinese prober hit error at byte 1442
2019-09-26 13:08:55,615 EUC-TW Taiwan prober hit error at byte 1441
2019-09-26 13:08:55,626 utf-8  confidence = 0.7525
2019-09-26 13:08:55,627 SHIFT_JIS Japanese confidence = 0.01
2019-09-26 13:08:55,627 EUC-JP not active
2019-09-26 13:08:55,627 GB2312 Chinese confidence = 0.01
2019-09-26 13:08:55,627 EUC-KR not active
2019-09-26 13:08:55,627 CP949 not active
2019-09-26 13:08:55,627 Big5 not active
2019-09-26 13:08:55,627 EUC-TW not active
2019-09-26 13:08:55,627 windows-1251 Russian confidence = 0.01
2019-09-26 13:08:55,627 KOI8-R Russian confidence = 0.01
2019-09-26 13:08:55,627 ISO-8859-5 Russian confidence = 0.01
2019-09-26 13:08:55,627 MacCyrillic Russian confidence = 0.0
2019-09-26 13:08:55,628 IBM866 Russian confidence = 0.0
2019-09-26 13:08:55,630 IBM855 Russian confidence = 0.01
2019-09-26 13:08:55,630 ISO-8859-7 Greek confidence = 0.0
2019-09-26 13:08:55,630 windows-1253 Greek confidence = 0.0
2019-09-26 13:08:55,630 ISO-8859-5 Bulgairan confidence = 0.01
2019-09-26 13:08:55,630 windows-1251 Bulgarian confidence = 0.01
2019-09-26 13:08:55,630 TIS-620 Thai confidence = 0.01
2019-09-26 13:08:55,630 ISO-8859-9 Turkish confidence = 0.45920270395613905
2019-09-26 13:08:55,631 windows-1255 Hebrew confidence = 0.0
2019-09-26 13:08:55,631 windows-1255 Hebrew confidence = 0.0
2019-09-26 13:08:55,631 windows-1255 Hebrew confidence = 0.0
2019-09-26 13:08:55,631 utf-8  confidence = 0.7525
2019-09-26 13:08:55,631 SHIFT_JIS Japanese confidence = 0.01
2019-09-26 13:08:55,631 EUC-JP not active
2019-09-26 13:08:55,631 GB2312 Chinese confidence = 0.01
2019-09-26 13:08:55,631 EUC-KR not active
2019-09-26 13:08:55,631 CP949 not active
2019-09-26 13:08:55,631 Big5 not active
2019-09-26 13:08:55,631 EUC-TW not active
2019-09-26 13:09:15,953 EUC-JP Japanese prober hit error at byte 1441
2019-09-26 13:09:15,964 EUC-KR Korean prober hit error at byte 1441
2019-09-26 13:09:15,967 CP949 Korean prober hit error at byte 1441
2019-09-26 13:09:15,971 Big5 Chinese prober hit error at byte 1442
2019-09-26 13:09:15,976 EUC-TW Taiwan prober hit error at byte 1441
2019-09-26 13:09:15,983 utf-8  confidence = 0.7525
2019-09-26 13:09:15,983 SHIFT_JIS Japanese confidence = 0.01
2019-09-26 13:09:15,983 EUC-JP not active
2019-09-26 13:09:15,983 GB2312 Chinese confidence = 0.01
2019-09-26 13:09:15,983 EUC-KR not active
2019-09-26 13:09:15,983 CP949 not active
2019-09-26 13:09:15,983 Big5 not active
2019-09-26 13:09:15,983 EUC-TW not active
2019-09-26 13:09:15,983 windows-1251 Russian confidence = 0.01
2019-09-26 13:09:15,983 KOI8-R Russian confidence = 0.01
2019-09-26 13:09:15,983 ISO-8859-5 Russian confidence = 0.01
2019-09-26 13:09:15,983 MacCyrillic Russian confidence = 0.0
2019-09-26 13:09:15,983 IBM866 Russian confidence = 0.0
2019-09-26 13:09:15,983 IBM855 Russian confidence = 0.01
2019-09-26 13:09:15,984 ISO-8859-7 Greek confidence = 0.0
2019-09-26 13:09:15,984 windows-1253 Greek confidence = 0.0
2019-09-26 13:09:15,984 ISO-8859-5 Bulgairan confidence = 0.01
2019-09-26 13:09:15,984 windows-1251 Bulgarian confidence = 0.01
2019-09-26 13:09:15,984 TIS-620 Thai confidence = 0.01
2019-09-26 13:09:15,984 ISO-8859-9 Turkish confidence = 0.45920270395613905
2019-09-26 13:09:15,984 windows-1255 Hebrew confidence = 0.0
2019-09-26 13:09:15,984 windows-1255 Hebrew confidence = 0.0
2019-09-26 13:09:15,984 windows-1255 Hebrew confidence = 0.0
2019-09-26 13:09:15,984 utf-8  confidence = 0.7525
2019-09-26 13:09:15,984 SHIFT_JIS Japanese confidence = 0.01
2019-09-26 13:09:15,984 EUC-JP not active
2019-09-26 13:09:15,984 GB2312 Chinese confidence = 0.01
2019-09-26 13:09:15,984 EUC-KR not active
2019-09-26 13:09:15,984 CP949 not active
2019-09-26 13:09:15,984 Big5 not active
2019-09-26 13:09:15,985 EUC-TW not active
2019-09-26 13:10:37,807 initiailizing context
2019-09-26 13:10:37,811 initializing endpoints
2019-09-26 13:10:38,020 Starting new HTTPS connection (1): us-central1-incomm-hackathon-api.cloudfunctions.net:443
2019-09-26 13:10:38,327 https://us-central1-incomm-hackathon-api.cloudfunctions.net:443 "GET /api/accounts/cRXWSTSjI6WT2EYQeshT/transactions HTTP/1.1" 200 506
2019-09-26 13:13:37,929 initiailizing context
2019-09-26 13:13:37,932 initializing endpoints
2019-09-26 13:13:38,164 Starting new HTTPS connection (1): us-central1-incomm-hackathon-api.cloudfunctions.net:443
2019-09-26 13:13:38,531 https://us-central1-incomm-hackathon-api.cloudfunctions.net:443 "GET /api/accounts/cRXWSTSjI6WT2EYQeshT/transactions?%7B%22id%22:%20%22cRXWSTSjI6WT2EYQeshT%22,%20%22pageSize%22:%2020%7D HTTP/1.1" 200 506
